<?xml version="1.0" encoding="UTF-8"?>
<!-- Generated by org.testng.reporters.JUnitReportReporter -->
<testsuite skipped="0" hostname="DESKTOP-6FD628N" name="com.example.core.test.ListenGuideLineTest" tests="2" failures="0" timestamp="2021-07-10T15:34:59 ICT" time="0.067" errors="0">
  <testcase name="checkApiFindbyProperty" time="0.067" classname="com.example.core.test.ListenGuideLineTest"/>
  <system-out/>
  <testcase name="testFindByProperty" time="0.000" classname="com.example.core.test.ListenGuideLineTest"/>
  <system-out/>
</testsuite> <!-- com.example.core.test.ListenGuideLineTest -->
